<?xml version="1.0" encoding="UTF-8"?>
<!-- Generated by org.testng.reporters.JUnitXMLReporter -->
<testsuite ignored="0" hostname="DESKTOP-MKU891N" failures="0" tests="3" name="Test" time="55.178" errors="0" timestamp="22 Aug 2022 16:44:58 GMT">
  <testcase classname="org.selenium.pages.LoginPageTest" name="Test1" time="1.97"/>
  <testcase classname="org.selenium.pages.LoginPageTest" name="Test2" time="2.047"/>
  <testcase classname="org.selenium.pages.HomePageTest" name="Test1" time="2.602"/>
</testsuite> <!-- Test -->
