<?xml version="1.0" encoding="UTF-8"?>
<testng-results ignored="0" total="3" passed="3" failed="0" skipped="0">
  <reporter-output>
  </reporter-output>
  <suite started-at="2022-08-22T16:44:02Z" name="Suite" finished-at="2022-08-22T16:44:58Z" duration-ms="55178">
    <groups>
    </groups>
    <test started-at="2022-08-22T16:44:02Z" name="Test" finished-at="2022-08-22T16:44:58Z" duration-ms="55178">
      <class name="org.selenium.pages.LoginPageTest">
        <test-method is-config="true" signature="setUp()[pri:0, instance:org.selenium.pages.LoginPageTest@70cf32e3]" started-at="2022-08-22T16:44:03Z" name="setUp" finished-at="2022-08-22T16:44:20Z" duration-ms="17319" status="PASS">
          <reporter-output>
          </reporter-output>
        </test-method> <!-- setUp -->
        <test-method signature="Test1()[pri:0, instance:org.selenium.pages.LoginPageTest@70cf32e3]" started-at="2022-08-22T16:44:20Z" name="Test1" finished-at="2022-08-22T16:44:22Z" duration-ms="1970" status="PASS">
          <reporter-output>
          </reporter-output>
        </test-method> <!-- Test1 -->
        <test-method is-config="true" signature="tearDown()[pri:0, instance:org.selenium.pages.LoginPageTest@70cf32e3]" started-at="2022-08-22T16:44:22Z" name="tearDown" finished-at="2022-08-22T16:44:22Z" duration-ms="430" status="PASS">
          <reporter-output>
          </reporter-output>
        </test-method> <!-- tearDown -->
        <test-method is-config="true" signature="setUp()[pri:0, instance:org.selenium.pages.LoginPageTest@70cf32e3]" started-at="2022-08-22T16:44:22Z" name="setUp" finished-at="2022-08-22T16:44:36Z" duration-ms="14121" status="PASS">
          <reporter-output>
          </reporter-output>
        </test-method> <!-- setUp -->
        <test-method signature="Test2()[pri:0, instance:org.selenium.pages.LoginPageTest@70cf32e3]" started-at="2022-08-22T16:44:36Z" name="Test2" finished-at="2022-08-22T16:44:38Z" duration-ms="2047" status="PASS">
          <reporter-output>
          </reporter-output>
        </test-method> <!-- Test2 -->
        <test-method is-config="true" signature="tearDown()[pri:0, instance:org.selenium.pages.LoginPageTest@70cf32e3]" started-at="2022-08-22T16:44:38Z" name="tearDown" finished-at="2022-08-22T16:44:39Z" duration-ms="366" status="PASS">
          <reporter-output>
          </reporter-output>
        </test-method> <!-- tearDown -->
      </class> <!-- org.selenium.pages.LoginPageTest -->
      <class name="org.selenium.pages.HomePageTest">
        <test-method is-config="true" signature="setUp()[pri:0, instance:org.selenium.pages.HomePageTest@5a59ca5e]" started-at="2022-08-22T16:44:39Z" name="setUp" finished-at="2022-08-22T16:44:55Z" duration-ms="15909" status="PASS">
          <reporter-output>
          </reporter-output>
        </test-method> <!-- setUp -->
        <test-method signature="Test1()[pri:0, instance:org.selenium.pages.HomePageTest@5a59ca5e]" started-at="2022-08-22T16:44:55Z" name="Test1" finished-at="2022-08-22T16:44:57Z" duration-ms="2602" status="PASS">
          <reporter-output>
          </reporter-output>
        </test-method> <!-- Test1 -->
        <test-method is-config="true" signature="tearDown()[pri:0, instance:org.selenium.pages.HomePageTest@5a59ca5e]" started-at="2022-08-22T16:44:57Z" name="tearDown" finished-at="2022-08-22T16:44:58Z" duration-ms="347" status="PASS">
          <reporter-output>
          </reporter-output>
        </test-method> <!-- tearDown -->
      </class> <!-- org.selenium.pages.HomePageTest -->
    </test> <!-- Test -->
  </suite> <!-- Suite -->
</testng-results>
